Arguments: 
  C:\Program Files\nodejs\node.exe C:\Users\laithong\AppData\Roaming\npm\node_modules\yarn\bin\yarn.js add -D @rollup/plugin-json

PATH: 
  C:\Program Files\Eclipse Adoptium\jdk-17.0.2.8-hotspot\bin;C:\Program Files\Common Files\Oracle\Java\javapath;D:\app\laithong\product\18.0.0\client_1\bin;G:\app\orac\product\18.0.0\client_1\bin;C:\Windows\system32;C:\Windows;C:\Windows\System32\Wbem;C:\Windows\System32\WindowsPowerShell\v1.0\;C:\Windows\System32\OpenSSH\;C:\flutter\bin\;C:\Program Files (x86)\Bitvise SSH Client;C:\Program Files\Git\cmd;C:\Program Files\dotnet\;C:\ProgramData\ComposerSetup\bin;C:\Program Files\PuTTY\;C:\Users\laithong\AppData\Roaming\nvm;C:\Program Files (x86)\NVIDIA Corporation\PhysX\Common;C:\Program Files (x86)\cloudflared\.;C:\ProgramData\chocolatey\bin;C:\Program Files\Go\bin;C:\Users\laithong\AppData\Roaming\nvm;C:\Program Files\nodejs;C:\Users\laithong\.cargo\bin;C:\Users\laithong\AppData\Local\Microsoft\WindowsApps;C:\Users\laithong\AppData\Local\Programs\Microsoft VS Code\bin;C:\Users\laithong\AppData\Local\GitHubDesktop\bin;C:\Users\laithong\AppData\Roaming\npm;C:\Users\laithong\.dotnet\tools;C:\xampp\php;C:\Users\laithong\AppData\Roaming\Composer\vendor\bin;C:\Program Files\Java\jdk-17.0.2\bin;C:\Users\laithong\AppData\Roaming\nvm;C:\Program Files\nodejs;C:\solana-release\bin;C:\ProgramData\chocolatey\lib\deno;C:\Users\laithong\go\bin;C:\Users\laithong\.bun\bin

Yarn version: 
  1.22.19

Node version: 
  20.11.1

Platform: 
  win32 x64

Trace: 
  Error: EPERM: operation not permitted, unlink 'E:\WEBAPP\zokdocs\node_modules\@esbuild\win32-x64\esbuild.exe'

npm manifest: 
  {
  	"name": "zokdocs",
  	"version": "0.0.1",
  	"scripts": {
  		"dev": "vite dev",
  		"build": "vite build",
  		"preview": "vite preview",
  		"check": "svelte-kit sync && svelte-check --tsconfig ./tsconfig.json",
  		"check:watch": "svelte-kit sync && svelte-check --tsconfig ./tsconfig.json --watch"
  	},
  	"devDependencies": {
  		"@fontsource/fira-mono": "^4.5.10",
  		"@neoconfetti/svelte": "^1.0.0",
  		"@sveltejs/adapter-auto": "^3.0.0",
  		"@sveltejs/kit": "^2.0.0",
  		"@sveltejs/vite-plugin-svelte": "^3.0.0",
  		"autoprefixer": "^10.4.19",
  		"postcss": "^8.4.39",
  		"svelte": "^4.2.7",
  		"svelte-check": "^3.6.0",
  		"tailwindcss": "^3.4.4",
  		"tslib": "^2.4.1",
  		"typescript": "^5.0.0",
  		"vite": "^5.0.3"
  	},
  	"type": "module",
  	"dependencies": {
  		"@vercel/speed-insights": "^1.0.12",
  		"svelte-i18n": "^4.0.0"
  	}
  }

yarn manifest: 
  No manifest

Lockfile: 
  No lockfile
